This file contains any messages produced by compilers while
running configure, to aid debugging if configure makes a mistake.

It was created by Tortosa configure 2.0, which was
generated by GNU Autoconf 2.69.  Invocation command line was

  $ ./configure 

## --------- ##
## Platform. ##
## --------- ##

hostname = synapse
uname -m = x86_64
uname -r = 5.3.1-arch1-1-ARCH
uname -s = Linux
uname -v = #1 SMP PREEMPT Sat Sep 21 11:33:49 UTC 2019

/usr/bin/uname -p = unknown
/bin/uname -X     = unknown

/bin/arch              = unknown
/usr/bin/arch -k       = unknown
/usr/convex/getsysinfo = unknown
/usr/bin/hostinfo      = unknown
/bin/machine           = unknown
/usr/bin/oslevel       = unknown
/bin/universe          = unknown

PATH: /home/cedlemo/.opam/default/bin
PATH: /home/cedlemo/.nvm/versions/node/v11.13.0/bin
PATH: /usr/local/bin
PATH: /usr/local/sbin
PATH: /usr/bin
PATH: /usr/lib/jvm/default/bin
PATH: /usr/bin/site_perl
PATH: /usr/bin/vendor_perl
PATH: /usr/bin/core_perl
PATH: /home/cedlemo/bin
PATH: /home/cedlemo/.gem/ruby/2.6.0/bin


## ----------- ##
## Core tests. ##
## ----------- ##

configure:1841: checking for a BSD-compatible install
configure:1909: result: /usr/bin/install -c
configure:1920: checking whether build environment is sane
configure:1975: result: yes
configure:2124: checking for a thread-safe mkdir -p
configure:2163: result: /usr/bin/mkdir -p
configure:2170: checking for gawk
configure:2186: found /usr/bin/gawk
configure:2197: result: gawk
configure:2208: checking whether make sets $(MAKE)
configure:2230: result: yes
configure:2259: checking whether make supports nested variables
configure:2276: result: yes
configure:2450: checking for gcc
configure:2466: found /usr/bin/gcc
configure:2477: result: gcc
configure:2706: checking for C compiler version
configure:2715: gcc --version >&5
gcc (GCC) 9.1.0
Copyright (C) 2019 Free Software Foundation, Inc.
This is free software; see the source for copying conditions.  There is NO
warranty; not even for MERCHANTABILITY or FITNESS FOR A PARTICULAR PURPOSE.

configure:2726: $? = 0
configure:2715: gcc -v >&5
Using built-in specs.
COLLECT_GCC=gcc
COLLECT_LTO_WRAPPER=/usr/lib/gcc/x86_64-pc-linux-gnu/9.1.0/lto-wrapper
Target: x86_64-pc-linux-gnu
Configured with: /build/gcc/src/gcc/configure --prefix=/usr --libdir=/usr/lib --libexecdir=/usr/lib --mandir=/usr/share/man --infodir=/usr/share/info --with-bugurl=https://bugs.archlinux.org/ --enable-languages=c,c++,ada,fortran,go,lto,objc,obj-c++ --enable-shared --enable-threads=posix --with-system-zlib --with-isl --enable-__cxa_atexit --disable-libunwind-exceptions --enable-clocale=gnu --disable-libstdcxx-pch --disable-libssp --enable-gnu-unique-object --enable-linker-build-id --enable-lto --enable-plugin --enable-install-libiberty --with-linker-hash-style=gnu --enable-gnu-indirect-function --enable-multilib --disable-werror --enable-checking=release --enable-default-pie --enable-default-ssp --enable-cet=auto
Thread model: posix
gcc version 9.1.0 (GCC) 
configure:2726: $? = 0
configure:2715: gcc -V >&5
gcc: error: unrecognized command line option '-V'
gcc: fatal error: no input files
compilation terminated.
configure:2726: $? = 1
configure:2715: gcc -qversion >&5
gcc: error: unrecognized command line option '-qversion'; did you mean '--version'?
gcc: fatal error: no input files
compilation terminated.
configure:2726: $? = 1
configure:2746: checking whether the C compiler works
configure:2768: gcc    conftest.c  >&5
configure:2772: $? = 0
configure:2820: result: yes
configure:2823: checking for C compiler default output file name
configure:2825: result: a.out
configure:2831: checking for suffix of executables
configure:2838: gcc -o conftest    conftest.c  >&5
configure:2842: $? = 0
configure:2864: result: 
configure:2886: checking whether we are cross compiling
configure:2894: gcc -o conftest    conftest.c  >&5
configure:2898: $? = 0
configure:2905: ./conftest
configure:2909: $? = 0
configure:2897: result: no
configure:2902: checking for suffix of object files
configure:2924: gcc -c   conftest.c >&5
configure:2928: $? = 0
configure:2949: result: o
configure:2953: checking whether we are using the GNU C compiler
configure:2972: gcc -c   conftest.c >&5
configure:2972: $? = 0
configure:2981: result: yes
configure:2990: checking whether gcc accepts -g
configure:3010: gcc -c -g  conftest.c >&5
configure:3010: $? = 0
configure:3051: result: yes
configure:3068: checking for gcc option to accept ISO C89
configure:3131: gcc  -c -g -O2  conftest.c >&5
configure:3131: $? = 0
configure:3144: result: none needed
configure:3169: checking whether gcc understands -c and -o together
configure:3191: gcc -c conftest.c -o conftest2.o
configure:3194: $? = 0
configure:3191: gcc -c conftest.c -o conftest2.o
configure:3194: $? = 0
configure:3206: result: yes
configure:3226: checking whether make supports the include directive
configure:3241: make -f confmf.GNU && cat confinc.out
this is the am__doit target
configure:3244: $? = 0
configure:3263: result: yes (GNU style)
configure:3288: checking dependency style of gcc
configure:3399: result: gcc3
configure:3468: checking for pkg-config
configure:3486: found /usr/bin/pkg-config
configure:3498: result: /usr/bin/pkg-config
configure:3523: checking pkg-config is at least version 0.9.0
configure:3526: result: yes
configure:3536: checking for DEPS
configure:3543: $PKG_CONFIG --exists --print-errors "vte-2.91 gtk+-3.0"
configure:3546: $? = 0
configure:3560: $PKG_CONFIG --exists --print-errors "vte-2.91 gtk+-3.0"
configure:3563: $? = 0
configure:3621: result: yes
configure:3764: checking that generated files are newer than configure
configure:3770: result: done
configure:3793: creating ./config.status

## ---------------------- ##
## Running config.status. ##
## ---------------------- ##

This file was extended by Tortosa config.status 2.0, which was
generated by GNU Autoconf 2.69.  Invocation command line was

  CONFIG_FILES    = 
  CONFIG_HEADERS  = 
  CONFIG_LINKS    = 
  CONFIG_COMMANDS = 
  $ ./config.status 

on synapse

config.status:777: creating Makefile
config.status:949: executing depfiles commands
config.status:1026: cd .       && sed -e '/# am--include-marker/d' Makefile         | make -f - am--depfiles
make: Nothing to be done for 'am--depfiles'.
config.status:1031: $? = 0

## ---------------- ##
## Cache variables. ##
## ---------------- ##

ac_cv_c_compiler_gnu=yes
ac_cv_env_CC_set=
ac_cv_env_CC_value=
ac_cv_env_CFLAGS_set=
ac_cv_env_CFLAGS_value=
ac_cv_env_CPPFLAGS_set=
ac_cv_env_CPPFLAGS_value=
ac_cv_env_DEPS_CFLAGS_set=
ac_cv_env_DEPS_CFLAGS_value=
ac_cv_env_DEPS_LIBS_set=
ac_cv_env_DEPS_LIBS_value=
ac_cv_env_LDFLAGS_set=
ac_cv_env_LDFLAGS_value=
ac_cv_env_LIBS_set=
ac_cv_env_LIBS_value=
ac_cv_env_PKG_CONFIG_LIBDIR_set=
ac_cv_env_PKG_CONFIG_LIBDIR_value=
ac_cv_env_PKG_CONFIG_PATH_set=
ac_cv_env_PKG_CONFIG_PATH_value=
ac_cv_env_PKG_CONFIG_set=
ac_cv_env_PKG_CONFIG_value=
ac_cv_env_build_alias_set=
ac_cv_env_build_alias_value=
ac_cv_env_host_alias_set=
ac_cv_env_host_alias_value=
ac_cv_env_target_alias_set=
ac_cv_env_target_alias_value=
ac_cv_objext=o
ac_cv_path_ac_pt_PKG_CONFIG=/usr/bin/pkg-config
ac_cv_path_install='/usr/bin/install -c'
ac_cv_path_mkdir=/usr/bin/mkdir
ac_cv_prog_AWK=gawk
ac_cv_prog_ac_ct_CC=gcc
ac_cv_prog_cc_c89=
ac_cv_prog_cc_g=yes
ac_cv_prog_make_make_set=yes
am_cv_CC_dependencies_compiler_type=gcc3
am_cv_make_support_nested_variables=yes
am_cv_prog_cc_c_o=yes
pkg_cv_DEPS_CFLAGS='-I/usr/include/vte-2.91 -I/usr/include/glib-2.0 -I/usr/lib/glib-2.0/include -I/usr/lib/libffi-3.2.1/include -I/usr/include/libmount -I/usr/include/blkid -I/usr/include/pango-1.0 -I/usr/include/harfbuzz -I/usr/include/fribidi -I/usr/include/freetype2 -I/usr/include/libpng16 -I/usr/include/cairo -I/usr/include/pixman-1 -I/usr/include/gtk-3.0 -I/usr/include/gdk-pixbuf-2.0 -I/usr/include/gio-unix-2.0 -I/usr/include/atk-1.0 -I/usr/include/at-spi2-atk/2.0 -I/usr/include/at-spi-2.0 -I/usr/include/dbus-1.0 -I/usr/lib/dbus-1.0/include -pthread '
pkg_cv_DEPS_LIBS='-lvte-2.91 -lgtk-3 -lgdk-3 -lz -lpangocairo-1.0 -lpango-1.0 -lharfbuzz -latk-1.0 -lcairo-gobject -lcairo -lgdk_pixbuf-2.0 -lgio-2.0 -lgobject-2.0 -lglib-2.0 '

## ----------------- ##
## Output variables. ##
## ----------------- ##

ACLOCAL='${SHELL} /home/cedlemo/Projects/C/tortosa/missing aclocal-1.16'
AMDEPBACKSLASH='\'
AMDEP_FALSE='#'
AMDEP_TRUE=''
AMTAR='$${TAR-tar}'
AM_BACKSLASH='\'
AM_DEFAULT_V='$(AM_DEFAULT_VERBOSITY)'
AM_DEFAULT_VERBOSITY='1'
AM_V='$(V)'
AUTOCONF='${SHELL} /home/cedlemo/Projects/C/tortosa/missing autoconf'
AUTOHEADER='${SHELL} /home/cedlemo/Projects/C/tortosa/missing autoheader'
AUTOMAKE='${SHELL} /home/cedlemo/Projects/C/tortosa/missing automake-1.16'
AWK='gawk'
CC='gcc'
CCDEPMODE='depmode=gcc3'
CFLAGS='-g -O2'
CPPFLAGS=''
CYGPATH_W='echo'
DEFS='-DPACKAGE_NAME=\"Tortosa\" -DPACKAGE_TARNAME=\"tortosa\" -DPACKAGE_VERSION=\"2.0\" -DPACKAGE_STRING=\"Tortosa\ 2.0\" -DPACKAGE_BUGREPORT=\"\" -DPACKAGE_URL=\"\" -DPACKAGE=\"tortosa\" -DVERSION=\"2.0\"'
DEPDIR='.deps'
DEPS_CFLAGS='-I/usr/include/vte-2.91 -I/usr/include/glib-2.0 -I/usr/lib/glib-2.0/include -I/usr/lib/libffi-3.2.1/include -I/usr/include/libmount -I/usr/include/blkid -I/usr/include/pango-1.0 -I/usr/include/harfbuzz -I/usr/include/fribidi -I/usr/include/freetype2 -I/usr/include/libpng16 -I/usr/include/cairo -I/usr/include/pixman-1 -I/usr/include/gtk-3.0 -I/usr/include/gdk-pixbuf-2.0 -I/usr/include/gio-unix-2.0 -I/usr/include/atk-1.0 -I/usr/include/at-spi2-atk/2.0 -I/usr/include/at-spi-2.0 -I/usr/include/dbus-1.0 -I/usr/lib/dbus-1.0/include -pthread '
DEPS_LIBS='-lvte-2.91 -lgtk-3 -lgdk-3 -lz -lpangocairo-1.0 -lpango-1.0 -lharfbuzz -latk-1.0 -lcairo-gobject -lcairo -lgdk_pixbuf-2.0 -lgio-2.0 -lgobject-2.0 -lglib-2.0 '
ECHO_C=''
ECHO_N='-n'
ECHO_T=''
EXEEXT=''
INSTALL_DATA='${INSTALL} -m 644'
INSTALL_PROGRAM='${INSTALL}'
INSTALL_SCRIPT='${INSTALL}'
INSTALL_STRIP_PROGRAM='$(install_sh) -c -s'
LDFLAGS=''
LIBOBJS=''
LIBS=''
LTLIBOBJS=''
MAKEINFO='${SHELL} /home/cedlemo/Projects/C/tortosa/missing makeinfo'
MKDIR_P='/usr/bin/mkdir -p'
OBJEXT='o'
PACKAGE='tortosa'
PACKAGE_BUGREPORT=''
PACKAGE_NAME='Tortosa'
PACKAGE_STRING='Tortosa 2.0'
PACKAGE_TARNAME='tortosa'
PACKAGE_URL=''
PACKAGE_VERSION='2.0'
PATH_SEPARATOR=':'
PKG_CONFIG='/usr/bin/pkg-config'
PKG_CONFIG_LIBDIR=''
PKG_CONFIG_PATH=''
SET_MAKE=''
SHELL='/bin/sh'
STRIP=''
VERSION='2.0'
ac_ct_CC='gcc'
am__EXEEXT_FALSE=''
am__EXEEXT_TRUE='#'
am__fastdepCC_FALSE='#'
am__fastdepCC_TRUE=''
am__include='include'
am__isrc=''
am__leading_dot='.'
am__nodep='_no'
am__quote=''
am__tar='$${TAR-tar} chof - "$$tardir"'
am__untar='$${TAR-tar} xf -'
bindir='${exec_prefix}/bin'
build_alias=''
datadir='${datarootdir}'
datarootdir='${prefix}/share'
docdir='${datarootdir}/doc/${PACKAGE_TARNAME}'
dvidir='${docdir}'
exec_prefix='${prefix}'
host_alias=''
htmldir='${docdir}'
includedir='${prefix}/include'
infodir='${datarootdir}/info'
install_sh='${SHELL} /home/cedlemo/Projects/C/tortosa/install-sh'
libdir='${exec_prefix}/lib'
libexecdir='${exec_prefix}/libexec'
localedir='${datarootdir}/locale'
localstatedir='${prefix}/var'
mandir='${datarootdir}/man'
mkdir_p='$(MKDIR_P)'
oldincludedir='/usr/include'
pdfdir='${docdir}'
prefix='/usr/local'
program_transform_name='s,x,x,'
psdir='${docdir}'
sbindir='${exec_prefix}/sbin'
sharedstatedir='${prefix}/com'
sysconfdir='${prefix}/etc'
target_alias=''

## ----------- ##
## confdefs.h. ##
## ----------- ##

/* confdefs.h */
#define PACKAGE_NAME "Tortosa"
#define PACKAGE_TARNAME "tortosa"
#define PACKAGE_VERSION "2.0"
#define PACKAGE_STRING "Tortosa 2.0"
#define PACKAGE_BUGREPORT ""
#define PACKAGE_URL ""
#define PACKAGE "tortosa"
#define VERSION "2.0"

configure: exit 0

## ---------------------- ##
## Running config.status. ##
## ---------------------- ##

This file was extended by Tortosa config.status 2.0, which was
generated by GNU Autoconf 2.69.  Invocation command line was

  CONFIG_FILES    = 
  CONFIG_HEADERS  = 
  CONFIG_LINKS    = 
  CONFIG_COMMANDS = 
  $ ./config.status Makefile depfiles

on synapse

config.status:777: creating Makefile
config.status:949: executing depfiles commands
config.status:1026: cd .       && sed -e '/# am--include-marker/d' Makefile         | make -f - am--depfiles
make[1]: Entering directory '/home/cedlemo/Projects/C/tortosa'
make[1]: Leaving directory '/home/cedlemo/Projects/C/tortosa'
config.status:1031: $? = 0
